2012-09-10 17:36:14;Controller: Tournament; Action: Index; x0k0hilx23om43bbdochjgyn;GET;/Tournament;http://localhost:3223/Tournament;Firefox;C:\Users\jager\Documents\GitHub\Referee\Referee\Tournament;::1; 

2012-09-10 17:36:18;Controller: Game; Action: Index; x0k0hilx23om43bbdochjgyn;GET;/Game;http://localhost:3223/Tournament;Firefox;C:\Users\jager\Documents\GitHub\Referee\Referee\Game;::1; 

2012-09-10 17:36:18;Controller: Game; Action: IndexTournament; x0k0hilx23om43bbdochjgyn;GET;/Game/IndexTournament;http://localhost:3223/Tournament;Firefox;C:\Users\jager\Documents\GitHub\Referee\Referee\Game\IndexTournament;::1; 

2012-09-10 17:36:21;Controller: Referee; Action: Index; x0k0hilx23om43bbdochjgyn;GET;/Referee/Index;http://localhost:3223/Game/IndexTournament?LeagueId=1;Firefox;C:\Users\jager\Documents\GitHub\Referee\Referee\Referee\Index;::1; 

2012-09-10 17:36:24;Controller: Club; Action: Index; x0k0hilx23om43bbdochjgyn;GET;/Club;http://localhost:3223/Referee/Index;Firefox;C:\Users\jager\Documents\GitHub\Referee\Referee\Club;::1; 
2012-09-10 17:37:46;Controller: Club; Action: Index; x0k0hilx23om43bbdochjgyn;GET;/Club;http://localhost:3223/Club;Firefox;C:\Users\jager\Documents\GitHub\Referee\Referee\Club;::1; 
2012-09-10 17:37:50;Controller: Club; Action: Details; x0k0hilx23om43bbdochjgyn;GET;/Club/Details/8a9484c7-a3e7-4577-aa9c-015dae7cd19f;http://localhost:3223/Club;Firefox;C:\Users\jager\Documents\GitHub\Referee\Referee\Club\Details\8a9484c7-a3e7-4577-aa9c-015dae7cd19f;::1; 
2012-09-10 17:39:58;Controller: Club; Action: Index; x0k0hilx23om43bbdochjgyn;GET;/Club;http://localhost:3223/Club/Details/8a9484c7-a3e7-4577-aa9c-015dae7cd19f;Firefox;C:\Users\jager\Documents\GitHub\Referee\Referee\Club;::1;Anonimous 
2012-09-10 22:00:47;Controller: Game; Action: Index; x0k0hilx23om43bbdochjgyn;GET;/Game;http://localhost:3223/Club;Firefox;C:\Users\jager\Documents\GitHub\Referee\Referee\Game;::1;Anonimous 
2012-09-10 22:00:47;Controller: Game; Action: IndexTournament; x0k0hilx23om43bbdochjgyn;GET;/Game/IndexTournament;http://localhost:3223/Club;Firefox;C:\Users\jager\Documents\GitHub\Referee\Referee\Game\IndexTournament;::1;Anonimous 
2012-09-11 20:53:25;Controller: Home; Action: Index; x0k0hilx23om43bbdochjgyn;GET;/;;Firefox;C:\Users\jager\Documents\GitHub\Referee\Referee;::1;Public 
2012-09-11 20:56:29;Controller: Home; Action: Index; x0k0hilx23om43bbdochjgyn;GET;/;http://localhost:3223/Account/LogOn;Firefox;C:\Users\jager\Documents\GitHub\Referee\Referee;::1;jagmaster@o2.pl 
2012-09-11 21:00:06;Controller: Home; Action: Index; x0k0hilx23om43bbdochjgyn;GET;/;http://localhost:3223/Account/LogOn;Firefox;C:\Users\jager\Documents\GitHub\Referee\Referee;::1;misio@o2.pl 
2012-09-11 21:00:15;Controller: Home; Action: Profile; x0k0hilx23om43bbdochjgyn;GET;/Home/Profile;http://localhost:3223/;Firefox;C:\Users\jager\Documents\GitHub\Referee\Referee\Home\Profile;::1;misio@o2.pl 
2012-09-11 21:00:24;Controller: Home; Action: Index; x0k0hilx23om43bbdochjgyn;GET;/;http://localhost:3223/Home/Profile;Firefox;C:\Users\jager\Documents\GitHub\Referee\Referee;::1;Public 
2012-09-11 21:00:35;Controller: Home; Action: Index; x0k0hilx23om43bbdochjgyn;GET;/;http://localhost:3223/Account/LogOn;Firefox;C:\Users\jager\Documents\GitHub\Referee\Referee;::1;jagmaster@o2.pl 
2012-09-11 21:00:42;Controller: Referee; Action: Index; x0k0hilx23om43bbdochjgyn;GET;/Referee/Index;http://localhost:3223/;Firefox;C:\Users\jager\Documents\GitHub\Referee\Referee\Referee\Index;::1;jagmaster@o2.pl 
2012-09-11 21:04:23;Controller: Home; Action: Index; x0k0hilx23om43bbdochjgyn;GET;/;http://localhost:3223/Referee/Index;Firefox;C:\Users\jager\Documents\GitHub\Referee\Referee;::1;Public 
2012-09-11 21:04:38;Controller: Home; Action: Index; x0k0hilx23om43bbdochjgyn;GET;/;http://localhost:3223/Account/LogOn;Firefox;C:\Users\jager\Documents\GitHub\Referee\Referee;::1;jagmaster@o2.pl 
2012-09-11 21:04:41;Controller: Referee; Action: Index; x0k0hilx23om43bbdochjgyn;GET;/Referee/Index;http://localhost:3223/;Firefox;C:\Users\jager\Documents\GitHub\Referee\Referee\Referee\Index;::1;jagmaster@o2.pl 
2012-09-11 21:04:50;Controller: Home; Action: Index; x0k0hilx23om43bbdochjgyn;GET;/;http://localhost:3223/Referee/Index;Firefox;C:\Users\jager\Documents\GitHub\Referee\Referee;::1;Public 
2012-09-11 21:05:03;Controller: Home; Action: Index; x0k0hilx23om43bbdochjgyn;GET;/;http://localhost:3223/Account/LogOn;Firefox;C:\Users\jager\Documents\GitHub\Referee\Referee;::1;misio@o2.pl 
2012-09-11 21:05:06;Controller: Referee; Action: Index; x0k0hilx23om43bbdochjgyn;GET;/Referee/Index;http://localhost:3223/;Firefox;C:\Users\jager\Documents\GitHub\Referee\Referee\Referee\Index;::1;misio@o2.pl 
2012-09-11 21:05:09;Controller: Referee; Action: Edit; x0k0hilx23om43bbdochjgyn;GET;/Referee/Edit/56c0bfec-4c74-4692-ac7a-8b80d396597a;http://localhost:3223/Referee/Index;Firefox;C:\Users\jager\Documents\GitHub\Referee\Referee\Referee\Edit\56c0bfec-4c74-4692-ac7a-8b80d396597a;::1;misio@o2.pl 
2012-09-11 21:05:27;Controller: Referee; Action: Edit; x0k0hilx23om43bbdochjgyn;POST;/Referee/Edit/56c0bfec-4c74-4692-ac7a-8b80d396597a;http://localhost:3223/Referee/Edit/56c0bfec-4c74-4692-ac7a-8b80d396597a;Firefox;C:\Users\jager\Documents\GitHub\Referee\Referee\Referee\Edit\56c0bfec-4c74-4692-ac7a-8b80d396597a;::1;misio@o2.pl 
2012-09-11 21:05:27;Controller: Referee; Action: Index; x0k0hilx23om43bbdochjgyn;GET;/Referee;http://localhost:3223/Referee/Edit/56c0bfec-4c74-4692-ac7a-8b80d396597a;Firefox;C:\Users\jager\Documents\GitHub\Referee\Referee\Referee;::1;misio@o2.pl 
2012-09-11 21:05:30;Controller: Home; Action: Index; x0k0hilx23om43bbdochjgyn;GET;/;http://localhost:3223/Referee;Firefox;C:\Users\jager\Documents\GitHub\Referee\Referee;::1;Public 
2012-09-11 21:05:39;Controller: Home; Action: Index; x0k0hilx23om43bbdochjgyn;GET;/;http://localhost:3223/Account/LogOn;Firefox;C:\Users\jager\Documents\GitHub\Referee\Referee;::1;misio@o2.pl 
2012-09-11 21:05:42;Controller: Referee; Action: Index; x0k0hilx23om43bbdochjgyn;GET;/Referee/Index;http://localhost:3223/;Firefox;C:\Users\jager\Documents\GitHub\Referee\Referee\Referee\Index;::1;misio@o2.pl 
2012-09-11 21:05:44;Controller: Referee; Action: Edit; x0k0hilx23om43bbdochjgyn;GET;/Referee/Edit/56c0bfec-4c74-4692-ac7a-8b80d396597a;http://localhost:3223/Referee/Index;Firefox;C:\Users\jager\Documents\GitHub\Referee\Referee\Referee\Edit\56c0bfec-4c74-4692-ac7a-8b80d396597a;::1;misio@o2.pl 
2012-09-11 21:05:50;Controller: Referee; Action: Edit; x0k0hilx23om43bbdochjgyn;POST;/Referee/Edit/56c0bfec-4c74-4692-ac7a-8b80d396597a;http://localhost:3223/Referee/Edit/56c0bfec-4c74-4692-ac7a-8b80d396597a;Firefox;C:\Users\jager\Documents\GitHub\Referee\Referee\Referee\Edit\56c0bfec-4c74-4692-ac7a-8b80d396597a;::1;misio@o2.pl 
2012-09-11 21:05:50;Controller: Referee; Action: Index; x0k0hilx23om43bbdochjgyn;GET;/Referee;http://localhost:3223/Referee/Edit/56c0bfec-4c74-4692-ac7a-8b80d396597a;Firefox;C:\Users\jager\Documents\GitHub\Referee\Referee\Referee;::1;misio@o2.pl 
2012-09-11 21:05:53;Controller: Referee; Action: Create; x0k0hilx23om43bbdochjgyn;GET;/Referee/Create;http://localhost:3223/Referee;Firefox;C:\Users\jager\Documents\GitHub\Referee\Referee\Referee\Create;::1;misio@o2.pl 
2012-09-11 21:07:29;Controller: Referee; Action: Create; x0k0hilx23om43bbdochjgyn;POST;/Referee/Create;http://localhost:3223/Referee/Create;Firefox;C:\Users\jager\Documents\GitHub\Referee\Referee\Referee\Create;::1;misio@o2.pl 
2012-09-11 21:07:29;Controller: Referee; Action: Index; x0k0hilx23om43bbdochjgyn;GET;/Referee;http://localhost:3223/Referee/Create;Firefox;C:\Users\jager\Documents\GitHub\Referee\Referee\Referee;::1;misio@o2.pl 
2012-09-11 21:16:31;Controller: Referee; Action: Create; x0k0hilx23om43bbdochjgyn;GET;/Referee/Create;http://localhost:3223/Referee;Firefox;C:\Users\jager\Documents\GitHub\Referee\Referee\Referee\Create;::1;misio@o2.pl 
2012-09-11 21:17:57;Controller: Referee; Action: Create; x0k0hilx23om43bbdochjgyn;POST;/Referee/Create;http://localhost:3223/Referee/Create;Firefox;C:\Users\jager\Documents\GitHub\Referee\Referee\Referee\Create;::1;misio@o2.pl 
2012-09-11 21:30:32;Controller: Referee; Action: Create; x0k0hilx23om43bbdochjgyn;POST;/Referee/Create;http://localhost:3223/Referee/Create;Firefox;C:\Users\jager\Documents\GitHub\Referee\Referee\Referee\Create;::1;misio@o2.pl 
2012-09-11 21:30:54;Controller: Referee; Action: Create; x0k0hilx23om43bbdochjgyn;POST;/Referee/Create;http://localhost:3223/Referee/Create;Firefox;C:\Users\jager\Documents\GitHub\Referee\Referee\Referee\Create;::1;misio@o2.pl 
2012-09-11 21:31:25;Controller: Referee; Action: Create; x0k0hilx23om43bbdochjgyn;POST;/Referee/Create;http://localhost:3223/Referee/Create;Firefox;C:\Users\jager\Documents\GitHub\Referee\Referee\Referee\Create;::1;misio@o2.pl 
2012-09-11 21:31:25;Controller: Referee; Action: Index; x0k0hilx23om43bbdochjgyn;GET;/Referee;http://localhost:3223/Referee/Create;Firefox;C:\Users\jager\Documents\GitHub\Referee\Referee\Referee;::1;misio@o2.pl 
2012-09-11 21:31:43;Controller: Referee; Action: Delete; x0k0hilx23om43bbdochjgyn;GET;/Referee/Delete/fd7a7dfd-e519-438f-beed-fdeebb1f43af;http://localhost:3223/Referee;Firefox;C:\Users\jager\Documents\GitHub\Referee\Referee\Referee\Delete\fd7a7dfd-e519-438f-beed-fdeebb1f43af;::1;misio@o2.pl 
2012-09-11 21:31:45;Controller: Referee; Action: Delete; x0k0hilx23om43bbdochjgyn;POST;/Referee/Delete/fd7a7dfd-e519-438f-beed-fdeebb1f43af;http://localhost:3223/Referee;Firefox;C:\Users\jager\Documents\GitHub\Referee\Referee\Referee\Delete\fd7a7dfd-e519-438f-beed-fdeebb1f43af;::1;misio@o2.pl 
2012-09-11 21:31:45;Controller: Referee; Action: Index; x0k0hilx23om43bbdochjgyn;GET;/Referee;http://localhost:3223/Referee;Firefox;C:\Users\jager\Documents\GitHub\Referee\Referee\Referee;::1;misio@o2.pl 
2012-09-11 21:32:18;Controller: Referee; Action: Create; x0k0hilx23om43bbdochjgyn;GET;/Referee/Create;http://localhost:3223/Referee;Firefox;C:\Users\jager\Documents\GitHub\Referee\Referee\Referee\Create;::1;misio@o2.pl 
2012-09-11 21:33:29;Controller: Referee; Action: Create; x0k0hilx23om43bbdochjgyn;POST;/Referee/Create;http://localhost:3223/Referee/Create;Firefox;C:\Users\jager\Documents\GitHub\Referee\Referee\Referee\Create;::1;misio@o2.pl 
2012-09-11 21:33:29;Controller: Referee; Action: Index; x0k0hilx23om43bbdochjgyn;GET;/Referee;http://localhost:3223/Referee/Create;Firefox;C:\Users\jager\Documents\GitHub\Referee\Referee\Referee;::1;misio@o2.pl 
2012-09-11 21:47:40;Controller: Home; Action: Profile; x0k0hilx23om43bbdochjgyn;GET;/Home/Profile;http://localhost:3223/Referee;Firefox;C:\Users\jager\Documents\GitHub\Referee\Referee\Home\Profile;::1;misio@o2.pl 
2012-09-11 21:59:08;Controller: Home; Action: Index; x0k0hilx23om43bbdochjgyn;GET;/;;Firefox;C:\Users\jager\Documents\GitHub\Referee\Referee;::1;misio@o2.pl 
2012-09-11 22:02:30;Controller: Home; Action: Index; x0k0hilx23om43bbdochjgyn;GET;/;;Firefox;C:\Users\jager\Documents\GitHub\Referee\Referee;::1;misio@o2.pl 
2012-09-11 22:02:34;Controller: Home; Action: Profile; x0k0hilx23om43bbdochjgyn;GET;/Home/Profile;http://localhost:3223/;Firefox;C:\Users\jager\Documents\GitHub\Referee\Referee\Home\Profile;::1;misio@o2.pl 
2012-09-11 22:12:07;Controller: Home; Action: Profile; x0k0hilx23om43bbdochjgyn;GET;/Home/Profile;;Firefox;C:\Users\jager\Documents\GitHub\Referee\Referee\Home\Profile;::1;misio@o2.pl 
2012-09-11 22:14:07;Controller: Referee; Action: Index; x0k0hilx23om43bbdochjgyn;GET;/Referee/Index;http://localhost:3223/Account/ChangePasswordSuccess;Firefox;C:\Users\jager\Documents\GitHub\Referee\Referee\Referee\Index;::1;misio@o2.pl 
2012-09-11 22:14:14;Controller: Referee; Action: Index; x0k0hilx23om43bbdochjgyn;GET;/Referee/Index;;Firefox;C:\Users\jager\Documents\GitHub\Referee\Referee\Referee\Index;::1;misio@o2.pl 
2012-09-11 22:14:18;Controller: Referee; Action: Index; x0k0hilx23om43bbdochjgyn;GET;/Referee/Index;;Firefox;C:\Users\jager\Documents\GitHub\Referee\Referee\Referee\Index;::1;misio@o2.pl 
2012-09-11 22:14:23;Controller: Home; Action: Index; x0k0hilx23om43bbdochjgyn;GET;/;;Firefox;C:\Users\jager\Documents\GitHub\Referee\Referee;::1;misio@o2.pl 
2012-09-11 22:14:46;Controller: Home; Action: Index; x0k0hilx23om43bbdochjgyn;GET;/;;Firefox;C:\Users\jager\Documents\GitHub\Referee\Referee;::1;misio@o2.pl 
2012-09-11 22:16:13;Controller: Home; Action: Index; x0k0hilx23om43bbdochjgyn;GET;/;;Firefox;C:\Users\jager\Documents\GitHub\Referee\Referee;::1;misio@o2.pl 
2012-09-11 22:16:39;Controller: Home; Action: Index; z4bzn22s3cdbgzn0huhb1cag;GET;/;;Firefox;C:\Users\jager\Documents\GitHub\Referee\Referee;::1;Public 
2012-09-11 22:17:05;Controller: Home; Action: Index; z4bzn22s3cdbgzn0huhb1cag;GET;/;http://localhost:3223/Account/LogOn;Firefox;C:\Users\jager\Documents\GitHub\Referee\Referee;::1;misio@o2.pl 
2012-09-11 22:20:04;Controller: Home; Action: Index; z4bzn22s3cdbgzn0huhb1cag;GET;/;http://localhost:3223/Account/LogOn;Firefox;C:\Users\jager\Documents\GitHub\Referee\Referee;::1;misio@o2.pl 
2012-09-11 22:20:20;Controller: Home; Action: Profile; z4bzn22s3cdbgzn0huhb1cag;GET;/Home/Profile;http://localhost:3223/;Firefox;C:\Users\jager\Documents\GitHub\Referee\Referee\Home\Profile;::1;misio@o2.pl 
2012-09-11 22:22:18;Controller: Referee; Action: Index; z4bzn22s3cdbgzn0huhb1cag;GET;/Referee/Index;http://localhost:3223/Account/ChangePasswordSuccess;Firefox;C:\Users\jager\Documents\GitHub\Referee\Referee\Referee\Index;::1;misio@o2.pl 
2012-09-11 22:22:20;Controller: Club; Action: Index; z4bzn22s3cdbgzn0huhb1cag;GET;/Club;http://localhost:3223/Referee/Index;Firefox;C:\Users\jager\Documents\GitHub\Referee\Referee\Club;::1;misio@o2.pl 
2012-09-11 22:22:23;Controller: Home; Action: Index; z4bzn22s3cdbgzn0huhb1cag;GET;/;http://localhost:3223/Club;Firefox;C:\Users\jager\Documents\GitHub\Referee\Referee;::1;misio@o2.pl 
2012-09-11 22:22:38;Controller: Account; Action: ChangePasswordSuccess; z4bzn22s3cdbgzn0huhb1cag;GET;/Account/ChangePasswordSuccess;;Firefox;C:\Users\jager\Documents\GitHub\Referee\Referee\Account\ChangePasswordSuccess;::1;misio@o2.pl 
2012-09-11 22:22:45;Controller: Nomination; Action: Index; z4bzn22s3cdbgzn0huhb1cag;GET;/Nomination;http://localhost:3223/Account/ChangePasswordSuccess;Firefox;C:\Users\jager\Documents\GitHub\Referee\Referee\Nomination;::1;misio@o2.pl 
2012-09-11 22:22:48;Controller: Tournament; Action: Index; z4bzn22s3cdbgzn0huhb1cag;GET;/Tournament;http://localhost:3223/Nomination;Firefox;C:\Users\jager\Documents\GitHub\Referee\Referee\Tournament;::1;misio@o2.pl 
2012-09-11 22:22:50;Controller: Referee; Action: Index; z4bzn22s3cdbgzn0huhb1cag;GET;/Referee/Index;http://localhost:3223/Tournament;Firefox;C:\Users\jager\Documents\GitHub\Referee\Referee\Referee\Index;::1;misio@o2.pl 
2012-09-11 22:22:53;Controller: Home; Action: Index; z4bzn22s3cdbgzn0huhb1cag;GET;/;http://localhost:3223/Referee/Index;Firefox;C:\Users\jager\Documents\GitHub\Referee\Referee;::1;misio@o2.pl 
2012-09-11 22:22:56;Controller: Referee; Action: Index; z4bzn22s3cdbgzn0huhb1cag;GET;/Referee/Index;http://localhost:3223/;Firefox;C:\Users\jager\Documents\GitHub\Referee\Referee\Referee\Index;::1;misio@o2.pl 
2012-09-11 22:23:17;Controller: Club; Action: Index; z4bzn22s3cdbgzn0huhb1cag;GET;/Club;http://localhost:3223/Referee/Index;Firefox;C:\Users\jager\Documents\GitHub\Referee\Referee\Club;::1;misio@o2.pl 
